#
# There is insufficient memory for the Java Runtime Environment to continue.
# Native memory allocation (malloc) failed to allocate 1724256 bytes for Chunk::new
# Possible reasons:
#   The system is out of physical RAM or swap space
#   In 32 bit mode, the process size limit was hit
# Possible solutions:
#   Reduce memory load on the system
#   Increase physical memory or swap space
#   Check if swap backing store is full
#   Use 64 bit Java on a 64 bit OS
#   Decrease Java heap size (-Xmx/-Xms)
#   Decrease number of Java threads
#   Decrease Java thread stack sizes (-Xss)
#   Set larger code cache with -XX:ReservedCodeCacheSize=
# This output file may be truncated or incomplete.
#
#  Out of Memory Error (allocation.cpp:390), pid=11016, tid=0x0000000000002b18
#
# JRE version: Java(TM) SE Runtime Environment (8.0_181-b13) (build 1.8.0_181-b13)
# Java VM: Java HotSpot(TM) 64-Bit Server VM (25.181-b13 mixed mode windows-amd64 compressed oops)
# Failed to write core dump. Minidumps are not enabled by default on client versions of Windows
#

---------------  T H R E A D  ---------------

Current thread (0x0000000017afe800):  JavaThread "C2 CompilerThread1" daemon [_thread_in_native, id=11032, stack(0x00000000183e0000,0x00000000184e0000)]

Stack: [0x00000000183e0000,0x00000000184e0000]
[error occurred during error reporting (printing stack bounds), id 0xc0000005]

Native frames: (J=compiled Java code, j=interpreted, Vv=VM code, C=native code)


Current CompileTask:
C2:   1252 1485   !   4       org.apache.maven.model.interpolation.StringSearchModelInterpolator$InterpolateObjectAction::traverseObjectWithParents (118 bytes)


---------------  P R O C E S S  ---------------

Java Threads: ( => current thread )
  0x0000000017b60000 JavaThread "Service Thread" daemon [_thread_blocked, id=5668, stack(0x00000000186e0000,0x00000000187e0000)]
  0x0000000017b19000 JavaThread "C1 CompilerThread3" daemon [_thread_blocked, id=6380, stack(0x00000000185e0000,0x00000000186e0000)]
  0x0000000017b05000 JavaThread "C2 CompilerThread2" daemon [_thread_in_native, id=1600, stack(0x00000000184e0000,0x00000000185e0000)]
=>0x0000000017afe800 JavaThread "C2 CompilerThread1" daemon [_thread_in_native, id=11032, stack(0x00000000183e0000,0x00000000184e0000)]
  0x0000000017afa000 JavaThread "C2 CompilerThread0" daemon [_thread_in_native, id=9000, stack(0x00000000182e0000,0x00000000183e0000)]
  0x0000000017af8000 JavaThread "Attach Listener" daemon [_thread_blocked, id=7840, stack(0x00000000181e0000,0x00000000182e0000)]
  0x0000000017af7000 JavaThread "Signal Dispatcher" daemon [_thread_blocked, id=9984, stack(0x00000000180e0000,0x00000000181e0000)]
  0x0000000017af0800 JavaThread "Finalizer" daemon [_thread_blocked, id=4396, stack(0x0000000017ed0000,0x0000000017fd0000)]
  0x0000000015bed800 JavaThread "Reference Handler" daemon [_thread_blocked, id=5688, stack(0x00000000179d0000,0x0000000017ad0000)]
  0x000000000301e800 JavaThread "main" [_thread_in_Java, id=10536, stack(0x0000000003020000,0x0000000003120000)]

Other Threads:
  0x0000000015be8800 VMThread [stack: 0x00000000178d0000,0x00000000179d0000] [id=8224]
  0x0000000017b62000 WatcherThread [stack: 0x0000000018930000,0x0000000018a30000] [id=7972]

VM state:not at safepoint (normal execution)

VM Mutex/Monitor currently owned by a thread: None

Heap:
 PSYoungGen      total 66048K, used 21625K [0x00000000eb600000, 0x00000000ef900000, 0x0000000100000000)
  eden space 63488K, 30% used [0x00000000eb600000,0x00000000ec8a6508,0x00000000ef400000)
  from space 2560K, 98% used [0x00000000ef680000,0x00000000ef8f8020,0x00000000ef900000)
  to   space 2560K, 0% used [0x00000000ef400000,0x00000000ef400000,0x00000000ef680000)
 ParOldGen       total 42496K, used 9015K [0x00000000c2200000, 0x00000000c4b80000, 0x00000000eb600000)
  object space 42496K, 21% used [0x00000000c2200000,0x00000000c2acdd80,0x00000000c4b80000)
 Metaspace       used 13167K, capacity 13482K, committed 13696K, reserved 1060864K
  class space    used 1600K, capacity 1655K, committed 1664K, reserved 1048576K

Card table byte_map: [0x00000000125e0000,0x00000000127d0000] byte_map_base: 0x0000000011fcf000

Marking Bits: (ParMarkBitMap*) 0x00000000588e2d00
 Begin Bits: [0x0000000013120000, 0x0000000014098000)
 End Bits:   [0x0000000014098000, 0x0000000015010000)

Polling page: 0x0000000002ee0000

CodeCache: size=245760Kb used=7297Kb max_used=7297Kb free=238462Kb
 bounds [0x0000000003220000, 0x0000000003950000, 0x0000000012220000]
 total_blobs=2443 nmethods=2118 adapters=236
 compilation: enabled

Compilation events (10 events):
Event: 1.247 Thread 0x0000000017b19000 nmethod 2115 0x0000000003933f10 code [0x0000000003934060, 0x0000000003934170]
Event: 1.247 Thread 0x0000000017b19000 2116       1       org.apache.maven.model.Activation::getProperty (5 bytes)
Event: 1.247 Thread 0x0000000017b19000 nmethod 2116 0x0000000003940690 code [0x00000000039407e0, 0x00000000039408f0]
Event: 1.248 Thread 0x0000000017b19000 2117  s!   3       java.io.FileDescriptor::closeAll (215 bytes)
Event: 1.249 Thread 0x0000000017b19000 nmethod 2117 0x0000000003940950 code [0x0000000003940bc0, 0x0000000003941e78]
Event: 1.249 Thread 0x0000000017b19000 2118   !   3       org.apache.maven.model.Activation::clone (127 bytes)
Event: 1.250 Thread 0x0000000017b19000 nmethod 2118 0x0000000003942810 code [0x0000000003942aa0, 0x0000000003943cc8]
Event: 1.250 Thread 0x0000000017b19000 2119   !   3       sun.reflect.GeneratedMethodAccessor1::invoke (61 bytes)
Event: 1.250 Thread 0x0000000017b19000 nmethod 2119 0x0000000003944610 code [0x00000000039447e0, 0x0000000003944e68]
Event: 1.251 Thread 0x0000000017b19000 2120       3       org.codehaus.plexus.interpolation.reflection.MethodMap::get (14 bytes)

GC Heap History (8 events):
Event: 0.251 GC heap before
{Heap before GC invocations=1 (full 0):
 PSYoungGen      total 18432K, used 15872K [0x00000000eb600000, 0x00000000eca80000, 0x0000000100000000)
  eden space 15872K, 100% used [0x00000000eb600000,0x00000000ec580000,0x00000000ec580000)
  from space 2560K, 0% used [0x00000000ec800000,0x00000000ec800000,0x00000000eca80000)
  to   space 2560K, 0% used [0x00000000ec580000,0x00000000ec580000,0x00000000ec800000)
 ParOldGen       total 42496K, used 0K [0x00000000c2200000, 0x00000000c4b80000, 0x00000000eb600000)
  object space 42496K, 0% used [0x00000000c2200000,0x00000000c2200000,0x00000000c4b80000)
 Metaspace       used 6778K, capacity 7016K, committed 7040K, reserved 1056768K
  class space    used 827K, capacity 892K, committed 896K, reserved 1048576K
Event: 0.254 GC heap after
Heap after GC invocations=1 (full 0):
 PSYoungGen      total 18432K, used 2538K [0x00000000eb600000, 0x00000000eda00000, 0x0000000100000000)
  eden space 15872K, 0% used [0x00000000eb600000,0x00000000eb600000,0x00000000ec580000)
  from space 2560K, 99% used [0x00000000ec580000,0x00000000ec7faa10,0x00000000ec800000)
  to   space 2560K, 0% used [0x00000000ed780000,0x00000000ed780000,0x00000000eda00000)
 ParOldGen       total 42496K, used 674K [0x00000000c2200000, 0x00000000c4b80000, 0x00000000eb600000)
  object space 42496K, 1% used [0x00000000c2200000,0x00000000c22a8b20,0x00000000c4b80000)
 Metaspace       used 6778K, capacity 7016K, committed 7040K, reserved 1056768K
  class space    used 827K, capacity 892K, committed 896K, reserved 1048576K
}
Event: 0.356 GC heap before
{Heap before GC invocations=2 (full 0):
 PSYoungGen      total 18432K, used 18410K [0x00000000eb600000, 0x00000000eda00000, 0x0000000100000000)
  eden space 15872K, 100% used [0x00000000eb600000,0x00000000ec580000,0x00000000ec580000)
  from space 2560K, 99% used [0x00000000ec580000,0x00000000ec7faa10,0x00000000ec800000)
  to   space 2560K, 0% used [0x00000000ed780000,0x00000000ed780000,0x00000000eda00000)
 ParOldGen       total 42496K, used 674K [0x00000000c2200000, 0x00000000c4b80000, 0x00000000eb600000)
  object space 42496K, 1% used [0x00000000c2200000,0x00000000c22a8b20,0x00000000c4b80000)
 Metaspace       used 7917K, capacity 8116K, committed 8320K, reserved 1056768K
  class space    used 1001K, capacity 1086K, committed 1152K, reserved 1048576K
Event: 0.357 GC heap after
Heap after GC invocations=2 (full 0):
 PSYoungGen      total 34304K, used 2538K [0x00000000eb600000, 0x00000000eda00000, 0x0000000100000000)
  eden space 31744K, 0% used [0x00000000eb600000,0x00000000eb600000,0x00000000ed500000)
  from space 2560K, 99% used [0x00000000ed780000,0x00000000ed9fa970,0x00000000eda00000)
  to   space 2560K, 0% used [0x00000000ed500000,0x00000000ed500000,0x00000000ed780000)
 ParOldGen       total 42496K, used 1135K [0x00000000c2200000, 0x00000000c4b80000, 0x00000000eb600000)
  object space 42496K, 2% used [0x00000000c2200000,0x00000000c231be48,0x00000000c4b80000)
 Metaspace       used 7917K, capacity 8116K, committed 8320K, reserved 1056768K
  class space    used 1001K, capacity 1086K, committed 1152K, reserved 1048576K
}
Event: 0.691 GC heap before
{Heap before GC invocations=3 (full 0):
 PSYoungGen      total 34304K, used 34282K [0x00000000eb600000, 0x00000000eda00000, 0x0000000100000000)
  eden space 31744K, 100% used [0x00000000eb600000,0x00000000ed500000,0x00000000ed500000)
  from space 2560K, 99% used [0x00000000ed780000,0x00000000ed9fa970,0x00000000eda00000)
  to   space 2560K, 0% used [0x00000000ed500000,0x00000000ed500000,0x00000000ed780000)
 ParOldGen       total 42496K, used 1135K [0x00000000c2200000, 0x00000000c4b80000, 0x00000000eb600000)
  object space 42496K, 2% used [0x00000000c2200000,0x00000000c231be48,0x00000000c4b80000)
 Metaspace       used 12271K, capacity 12544K, committed 12672K, reserved 1060864K
  class space    used 1513K, capacity 1580K, committed 1664K, reserved 1048576K
Event: 0.696 GC heap after
Heap after GC invocations=3 (full 0):
 PSYoungGen      total 34304K, used 2544K [0x00000000eb600000, 0x00000000ef900000, 0x0000000100000000)
  eden space 31744K, 0% used [0x00000000eb600000,0x00000000eb600000,0x00000000ed500000)
  from space 2560K, 99% used [0x00000000ed500000,0x00000000ed77c010,0x00000000ed780000)
  to   space 2560K, 0% used [0x00000000ef680000,0x00000000ef680000,0x00000000ef900000)
 ParOldGen       total 42496K, used 5990K [0x00000000c2200000, 0x00000000c4b80000, 0x00000000eb600000)
  object space 42496K, 14% used [0x00000000c2200000,0x00000000c27d9b80,0x00000000c4b80000)
 Metaspace       used 12271K, capacity 12544K, committed 12672K, reserved 1060864K
  class space    used 1513K, capacity 1580K, committed 1664K, reserved 1048576K
}
Event: 1.141 GC heap before
{Heap before GC invocations=4 (full 0):
 PSYoungGen      total 34304K, used 34288K [0x00000000eb600000, 0x00000000ef900000, 0x0000000100000000)
  eden space 31744K, 100% used [0x00000000eb600000,0x00000000ed500000,0x00000000ed500000)
  from space 2560K, 99% used [0x00000000ed500000,0x00000000ed77c010,0x00000000ed780000)
  to   space 2560K, 0% used [0x00000000ef680000,0x00000000ef680000,0x00000000ef900000)
 ParOldGen       total 42496K, used 5990K [0x00000000c2200000, 0x00000000c4b80000, 0x00000000eb600000)
  object space 42496K, 14% used [0x00000000c2200000,0x00000000c27d9b80,0x00000000c4b80000)
 Metaspace       used 13071K, capacity 13354K, committed 13440K, reserved 1060864K
  class space    used 1599K, capacity 1655K, committed 1664K, reserved 1048576K
Event: 1.146 GC heap after
Heap after GC invocations=4 (full 0):
 PSYoungGen      total 66048K, used 2528K [0x00000000eb600000, 0x00000000ef900000, 0x0000000100000000)
  eden space 63488K, 0% used [0x00000000eb600000,0x00000000eb600000,0x00000000ef400000)
  from space 2560K, 98% used [0x00000000ef680000,0x00000000ef8f8020,0x00000000ef900000)
  to   space 2560K, 0% used [0x00000000ef400000,0x00000000ef400000,0x00000000ef680000)
 ParOldGen       total 42496K, used 9015K [0x00000000c2200000, 0x00000000c4b80000, 0x00000000eb600000)
  object space 42496K, 21% used [0x00000000c2200000,0x00000000c2acdd80,0x00000000c4b80000)
 Metaspace       used 13071K, capacity 13354K, committed 13440K, reserved 1060864K
  class space    used 1599K, capacity 1655K, committed 1664K, reserved 1048576K
}

Deoptimization events (10 events):
Event: 0.856 Thread 0x000000000301e800 Uncommon trap: reason=unstable_if action=reinterpret pc=0x00000000035aedd4 method=java.util.HashMap.hash(Ljava/lang/Object;)I @ 1
Event: 0.867 Thread 0x000000000301e800 Uncommon trap: reason=bimorphic action=maybe_recompile pc=0x000000000356b478 method=java.util.HashMap.putVal(ILjava/lang/Object;Ljava/lang/Object;ZZ)Ljava/lang/Object; @ 203
Event: 1.117 Thread 0x000000000301e800 Uncommon trap: reason=bimorphic action=maybe_recompile pc=0x0000000003829c64 method=java.util.regex.Pattern$Curly.match0(Ljava/util/regex/Matcher;IILjava/lang/CharSequence;)Z @ 170
Event: 1.117 Thread 0x000000000301e800 Uncommon trap: reason=bimorphic action=maybe_recompile pc=0x0000000003829c64 method=java.util.regex.Pattern$Curly.match0(Ljava/util/regex/Matcher;IILjava/lang/CharSequence;)Z @ 170
Event: 1.118 Thread 0x000000000301e800 Uncommon trap: reason=bimorphic action=maybe_recompile pc=0x0000000003829c64 method=java.util.regex.Pattern$Curly.match0(Ljava/util/regex/Matcher;IILjava/lang/CharSequence;)Z @ 170
Event: 1.118 Thread 0x000000000301e800 Uncommon trap: reason=bimorphic action=maybe_recompile pc=0x0000000003829c64 method=java.util.regex.Pattern$Curly.match0(Ljava/util/regex/Matcher;IILjava/lang/CharSequence;)Z @ 170
Event: 1.189 Thread 0x000000000301e800 Uncommon trap: reason=bimorphic action=maybe_recompile pc=0x00000000036ab64c method=java.util.concurrent.ConcurrentHashMap.get(Ljava/lang/Object;)Ljava/lang/Object; @ 149
Event: 1.191 Thread 0x000000000301e800 Uncommon trap: reason=bimorphic action=maybe_recompile pc=0x00000000036ab64c method=java.util.concurrent.ConcurrentHashMap.get(Ljava/lang/Object;)Ljava/lang/Object; @ 149
Event: 1.192 Thread 0x000000000301e800 Uncommon trap: reason=bimorphic action=maybe_recompile pc=0x00000000036ab64c method=java.util.concurrent.ConcurrentHashMap.get(Ljava/lang/Object;)Ljava/lang/Object; @ 149
Event: 1.194 Thread 0x000000000301e800 Uncommon trap: reason=bimorphic action=maybe_recompile pc=0x00000000036ab64c method=java.util.concurrent.ConcurrentHashMap.get(Ljava/lang/Object;)Ljava/lang/Object; @ 149

Classes redefined (0 events):
No events

Internal exceptions (10 events):
Event: 0.303 Thread 0x000000000301e800 Exception <a 'java/lang/ArrayIndexOutOfBoundsException'> (0x00000000ebfa32b8) thrown at [C:\re\workspace\8-2-build-windows-amd64-cygwin\jdk8u181\11358\hotspot\src\share\vm\runtime\sharedRuntime.cpp, line 605]
Event: 0.343 Thread 0x000000000301e800 Exception <a 'java/lang/NoClassDefFoundError': org/slf4j/Logger> (0x00000000ec439c18) thrown at [C:\re\workspace\8-2-build-windows-amd64-cygwin\jdk8u181\11358\hotspot\src\share\vm\classfile\systemDictionary.cpp, line 199]
Event: 0.368 Thread 0x000000000301e800 Exception <a 'java/lang/NoClassDefFoundError': org/slf4j/LoggerFactory> (0x00000000eb78e448) thrown at [C:\re\workspace\8-2-build-windows-amd64-cygwin\jdk8u181\11358\hotspot\src\share\vm\classfile\systemDictionary.cpp, line 199]
Event: 0.368 Thread 0x000000000301e800 Exception <a 'java/lang/NoClassDefFoundError'> (0x00000000eb78e448) thrown at [C:\re\workspace\8-2-build-windows-amd64-cygwin\jdk8u181\11358\hotspot\src\share\vm\oops\instanceKlass.cpp, line 959]
Event: 0.495 Thread 0x000000000301e800 Implicit null exception at 0x00000000033f60db to 0x00000000033f6285
Event: 0.673 Thread 0x000000000301e800 Implicit null exception at 0x0000000003601395 to 0x000000000360156d
Event: 0.673 Thread 0x000000000301e800 Implicit null exception at 0x0000000003549daf to 0x0000000003549e19
Event: 0.706 Thread 0x000000000301e800 Implicit null exception at 0x00000000036e44a4 to 0x00000000036e5621
Event: 0.856 Thread 0x000000000301e800 Implicit null exception at 0x00000000035ae7fb to 0x00000000035aedb9
Event: 0.892 Thread 0x000000000301e800 Exception <a 'java/lang/NoClassDefFoundError': org/slf4j/Logger> (0x00000000ecc4cae0) thrown at [C:\re\workspace\8-2-build-windows-amd64-cygwin\jdk8u181\11358\hotspot\src\share\vm\oops\constantPool.cpp, line 235]

Events (10 events):
Event: 1.192 Thread 0x000000000301e800 Uncommon trap: trap_request=0xffffffc6 fr.pc=0x00000000036ab64c
Event: 1.192 Thread 0x000000000301e800 DEOPT PACKING pc=0x00000000036ab64c sp=0x000000000311d8b0
Event: 1.192 Thread 0x000000000301e800 DEOPT UNPACKING pc=0x000000000326583b sp=0x000000000311d818 mode 2
Event: 1.194 Thread 0x000000000301e800 Uncommon trap: trap_request=0xffffffc6 fr.pc=0x00000000036ab64c
Event: 1.194 Thread 0x000000000301e800 DEOPT PACKING pc=0x00000000036ab64c sp=0x000000000311d740
Event: 1.194 Thread 0x000000000301e800 DEOPT UNPACKING pc=0x000000000326583b sp=0x000000000311d6a8 mode 2
Event: 1.251 loading class java/util/stream/IntStream
Event: 1.251 loading class java/util/stream/BaseStream
Event: 1.251 loading class java/util/stream/BaseStream done
Event: 1.251 loading class java/util/stream/IntStream done


Dynamic libraries:
0x00007ff7502e0000 - 0x00007ff750317000 	C:\Program Files\Java\jdk1.8.0_181\bin\java.exe
0x00007ffffef10000 - 0x00007fffff0f1000 	C:\WINDOWS\SYSTEM32\ntdll.dll
0x00007ffffc460000 - 0x00007ffffc512000 	C:\WINDOWS\System32\KERNEL32.DLL
0x00007ffffbef0000 - 0x00007ffffc163000 	C:\WINDOWS\System32\KERNELBASE.dll
0x00007ffffd7a0000 - 0x00007ffffd841000 	C:\WINDOWS\System32\ADVAPI32.dll
0x00007ffffec90000 - 0x00007ffffed2e000 	C:\WINDOWS\System32\msvcrt.dll
0x00007ffffcb30000 - 0x00007ffffcb8b000 	C:\WINDOWS\System32\sechost.dll
0x00007ffffc520000 - 0x00007ffffc644000 	C:\WINDOWS\System32\RPCRT4.dll
0x00007ffffcf50000 - 0x00007ffffd0e0000 	C:\WINDOWS\System32\USER32.dll
0x00007ffffc170000 - 0x00007ffffc190000 	C:\WINDOWS\System32\win32u.dll
0x00007ffffcf20000 - 0x00007ffffcf48000 	C:\WINDOWS\System32\GDI32.dll
0x00007ffffb350000 - 0x00007ffffb4e2000 	C:\WINDOWS\System32\gdi32full.dll
0x00007ffffb2b0000 - 0x00007ffffb34f000 	C:\WINDOWS\System32\msvcp_win.dll
0x00007ffffbdf0000 - 0x00007ffffbeea000 	C:\WINDOWS\System32\ucrtbase.dll
0x00007ffff04a0000 - 0x00007ffff0709000 	C:\WINDOWS\WinSxS\amd64_microsoft.windows.common-controls_6595b64144ccf1df_6.0.17134.191_none_fb3e94b130690543\COMCTL32.dll
0x00007ffffcbf0000 - 0x00007ffffcf13000 	C:\WINDOWS\System32\combase.dll
0x00007ffffc240000 - 0x00007ffffc2ba000 	C:\WINDOWS\System32\bcryptPrimitives.dll
0x00007ffffc6b0000 - 0x00007ffffc6dd000 	C:\WINDOWS\System32\IMM32.DLL
0x0000000057fe0000 - 0x00000000580b2000 	C:\Program Files\Java\jdk1.8.0_181\jre\bin\msvcr100.dll
0x00000000580c0000 - 0x0000000058962000 	C:\Program Files\Java\jdk1.8.0_181\jre\bin\server\jvm.dll
0x00007ffffc900000 - 0x00007ffffc908000 	C:\WINDOWS\System32\PSAPI.DLL
0x00007ffff7400000 - 0x00007ffff740a000 	C:\WINDOWS\SYSTEM32\VERSION.dll
0x00007fffe7a70000 - 0x00007fffe7a79000 	C:\WINDOWS\SYSTEM32\WSOCK32.dll
0x00007ffff9480000 - 0x00007ffff94a3000 	C:\WINDOWS\SYSTEM32\WINMM.dll
0x00007ffffcac0000 - 0x00007ffffcb2c000 	C:\WINDOWS\System32\WS2_32.dll
0x00007ffff9380000 - 0x00007ffff93aa000 	C:\WINDOWS\SYSTEM32\winmmbase.dll
0x00007ffffc1f0000 - 0x00007ffffc239000 	C:\WINDOWS\System32\cfgmgr32.dll
0x0000000057f90000 - 0x0000000057f9f000 	C:\Program Files\Java\jdk1.8.0_181\jre\bin\verify.dll
0x0000000057f60000 - 0x0000000057f89000 	C:\Program Files\Java\jdk1.8.0_181\jre\bin\java.dll
0x0000000057f40000 - 0x0000000057f56000 	C:\Program Files\Java\jdk1.8.0_181\jre\bin\zip.dll
0x00007ffffd850000 - 0x00007ffffec90000 	C:\WINDOWS\System32\SHELL32.dll
0x00007ffffd530000 - 0x00007ffffd5d9000 	C:\WINDOWS\System32\shcore.dll
0x00007ffffb4f0000 - 0x00007ffffbbfd000 	C:\WINDOWS\System32\windows.storage.dll
0x00007ffffc650000 - 0x00007ffffc6a1000 	C:\WINDOWS\System32\shlwapi.dll
0x00007ffffb270000 - 0x00007ffffb281000 	C:\WINDOWS\System32\kernel.appcore.dll
0x00007ffffb290000 - 0x00007ffffb2af000 	C:\WINDOWS\System32\profapi.dll
0x00007ffffb1f0000 - 0x00007ffffb23c000 	C:\WINDOWS\System32\powrprof.dll
0x00007ffffb240000 - 0x00007ffffb24a000 	C:\WINDOWS\System32\FLTLIB.DLL
0x0000000057f20000 - 0x0000000057f3a000 	C:\Program Files\Java\jdk1.8.0_181\jre\bin\net.dll
0x00007ffffaa10000 - 0x00007ffffaa76000 	C:\WINDOWS\system32\mswsock.dll
0x0000000057f00000 - 0x0000000057f11000 	C:\Program Files\Java\jdk1.8.0_181\jre\bin\nio.dll

VM Arguments:
jvm_args: -Dclassworlds.conf=C:\Program Files\NetBeans 8.2\java\maven\bin\m2.conf -Dmaven.home=C:\Program Files\NetBeans 8.2\java\maven 
java_command: org.codehaus.plexus.classworlds.launcher.Launcher -Dmaven.ext.class.path=C:\Program Files\NetBeans 8.2\java\maven-nblib\netbeans-eventspy.jar -Dfile.encoding=UTF-8 clean install
java_class_path (initial): C:\Program Files\NetBeans 8.2\java\maven\boot\plexus-classworlds-2.4.jar
Launcher Type: SUN_STANDARD

Environment Variables:
JAVA_HOME=C:\Program Files\Java\jdk1.8.0_181
PATH=C:\Program Files (x86)\Common Files\Oracle\Java\javapath;C:\WINDOWS\system32;C:\WINDOWS;C:\WINDOWS\System32\Wbem;C:\WINDOWS\System32\WindowsPowerShell\v1.0\;C:\WINDOWS\System32\OpenSSH\;C:\Program Files\Git\cmd;C:\Users\henrique\AppData\Local\Microsoft\WindowsApps;
USERNAME=henrique
OS=Windows_NT
PROCESSOR_IDENTIFIER=Intel64 Family 6 Model 158 Stepping 9, GenuineIntel



---------------  S Y S T E M  ---------------

OS: Windows 10.0 , 64 bit Build 17134 (10.0.17134.1)

CPU:total 8 (initial active 8) (4 cores per cpu, 2 threads per core) family 6 model 158 stepping 9, cmov, cx8, fxsr, mmx, sse, sse2, sse3, ssse3, sse4.1, sse4.2, popcnt, avx, avx2, aes, clmul, erms, rtm, 3dnowpref, lzcnt, ht, tsc, tscinvbit, bmi1, bmi2, adx

Memory: 4k page, physical 4052096k(447328k free), swap 4052096k(6588k free)

vm_info: Java HotSpot(TM) 64-Bit Server VM (25.181-b13) for windows-amd64 JRE (1.8.0_181-b13), built on Jul  7 2018 04:01:33 by "java_re" with MS VC++ 10.0 (VS2010)

time: Thu Sep 06 14:58:39 2018
elapsed time: 1 seconds (0d 0h 0m 1s)

