#
# There is insufficient memory for the Java Runtime Environment to continue.
# Native memory allocation (malloc) failed to allocate 1048576 bytes for AllocateHeap
# Possible reasons:
#   The system is out of physical RAM or swap space
#   In 32 bit mode, the process size limit was hit
# Possible solutions:
#   Reduce memory load on the system
#   Increase physical memory or swap space
#   Check if swap backing store is full
#   Use 64 bit Java on a 64 bit OS
#   Decrease Java heap size (-Xmx/-Xms)
#   Decrease number of Java threads
#   Decrease Java thread stack sizes (-Xss)
#   Set larger code cache with -XX:ReservedCodeCacheSize=
# This output file may be truncated or incomplete.
#
#  Out of Memory Error (memory/allocation.inline.hpp:61), pid=11244, tid=0x0000000000002864
#
# JRE version:  (8.0_181-b13) (build )
# Java VM: Java HotSpot(TM) 64-Bit Server VM (25.181-b13 mixed mode windows-amd64 compressed oops)
# Failed to write core dump. Minidumps are not enabled by default on client versions of Windows
#

---------------  T H R E A D  ---------------

Current thread (0x0000000002aae800):  JavaThread "Unknown thread" [_thread_in_vm, id=10340, stack(0x0000000002af0000,0x0000000002bf0000)]

Stack: [0x0000000002af0000,0x0000000002bf0000]
[error occurred during error reporting (printing stack bounds), id 0xc0000005]

Native frames: (J=compiled Java code, j=interpreted, Vv=VM code, C=native code)


---------------  P R O C E S S  ---------------

Java Threads: ( => current thread )

Other Threads:

=>0x0000000002aae800 (exited) JavaThread "Unknown thread" [_thread_in_vm, id=10340, stack(0x0000000002af0000,0x0000000002bf0000)]

VM state:not at safepoint (normal execution)

VM Mutex/Monitor currently owned by a thread: None

Heap:
 PSYoungGen      total 18432K, used 317K [0x00000000eb600000, 0x00000000eca80000, 0x0000000100000000)
  eden space 15872K, 2% used [0x00000000eb600000,0x00000000eb64f5d0,0x00000000ec580000)
  from space 2560K, 0% used [0x00000000ec800000,0x00000000ec800000,0x00000000eca80000)
  to   space 2560K, 0% used [0x00000000ec580000,0x00000000ec580000,0x00000000ec800000)
 ParOldGen       total 42496K, used 0K [0x00000000c2200000, 0x00000000c4b80000, 0x00000000eb600000)
  object space 42496K, 0% used [0x00000000c2200000,0x00000000c2200000,0x00000000c4b80000)
 Metaspace       used 775K, capacity 4480K, committed 4480K, reserved 1056768K
  class space    used 76K, capacity 384K, committed 384K, reserved 1048576K

Card table byte_map: [0x00000000120b0000,0x00000000122a0000] byte_map_base: 0x0000000011a9f000

Marking Bits: (ParMarkBitMap*) 0x00000000588e2d00
 Begin Bits: [0x0000000012bf0000, 0x0000000013b68000)
 End Bits:   [0x0000000013b68000, 0x0000000014ae0000)

Polling page: 0x0000000002a70000

CodeCache: size=245760Kb used=328Kb max_used=328Kb free=245431Kb
 bounds [0x0000000002cf0000, 0x0000000002f60000, 0x0000000011cf0000]
 total_blobs=58 nmethods=0 adapters=38
 compilation: enabled

Compilation events (0 events):
No events

GC Heap History (0 events):
No events

Deoptimization events (0 events):
No events

Classes redefined (0 events):
No events

Internal exceptions (0 events):
No events

Events (10 events):
Event: 0.018 loading class java/lang/Short
Event: 0.018 loading class java/lang/Short done
Event: 0.018 loading class java/lang/Integer
Event: 0.018 loading class java/lang/Integer done
Event: 0.018 loading class java/lang/Long
Event: 0.018 loading class java/lang/Long done
Event: 0.018 loading class java/lang/NullPointerException
Event: 0.018 loading class java/lang/NullPointerException done
Event: 0.018 loading class java/lang/ArithmeticException
Event: 0.018 loading class java/lang/ArithmeticException done


Dynamic libraries:
0x00007ff7e1040000 - 0x00007ff7e1077000 	C:\Program Files\Java\jdk1.8.0_181\jre\bin\java.exe
0x00007ffffef10000 - 0x00007fffff0f1000 	C:\WINDOWS\SYSTEM32\ntdll.dll
0x00007ffffc460000 - 0x00007ffffc512000 	C:\WINDOWS\System32\KERNEL32.DLL
0x00007ffffbef0000 - 0x00007ffffc163000 	C:\WINDOWS\System32\KERNELBASE.dll
0x00007ffffd7a0000 - 0x00007ffffd841000 	C:\WINDOWS\System32\ADVAPI32.dll
0x00007ffffec90000 - 0x00007ffffed2e000 	C:\WINDOWS\System32\msvcrt.dll
0x00007ffffcb30000 - 0x00007ffffcb8b000 	C:\WINDOWS\System32\sechost.dll
0x00007ffffc520000 - 0x00007ffffc644000 	C:\WINDOWS\System32\RPCRT4.dll
0x00007ffffcf50000 - 0x00007ffffd0e0000 	C:\WINDOWS\System32\USER32.dll
0x00007ffffc170000 - 0x00007ffffc190000 	C:\WINDOWS\System32\win32u.dll
0x00007ffffcf20000 - 0x00007ffffcf48000 	C:\WINDOWS\System32\GDI32.dll
0x00007ffffb350000 - 0x00007ffffb4e2000 	C:\WINDOWS\System32\gdi32full.dll
0x00007ffffb2b0000 - 0x00007ffffb34f000 	C:\WINDOWS\System32\msvcp_win.dll
0x00007ffffbdf0000 - 0x00007ffffbeea000 	C:\WINDOWS\System32\ucrtbase.dll
0x00007ffff04a0000 - 0x00007ffff0709000 	C:\WINDOWS\WinSxS\amd64_microsoft.windows.common-controls_6595b64144ccf1df_6.0.17134.191_none_fb3e94b130690543\COMCTL32.dll
0x00007ffffcbf0000 - 0x00007ffffcf13000 	C:\WINDOWS\System32\combase.dll
0x00007ffffc240000 - 0x00007ffffc2ba000 	C:\WINDOWS\System32\bcryptPrimitives.dll
0x00007ffffc6b0000 - 0x00007ffffc6dd000 	C:\WINDOWS\System32\IMM32.DLL
0x0000000057fe0000 - 0x00000000580b2000 	C:\Program Files\Java\jdk1.8.0_181\jre\bin\msvcr100.dll
0x00000000580c0000 - 0x0000000058962000 	C:\Program Files\Java\jdk1.8.0_181\jre\bin\server\jvm.dll
0x00007ffffc900000 - 0x00007ffffc908000 	C:\WINDOWS\System32\PSAPI.DLL
0x00007ffff7400000 - 0x00007ffff740a000 	C:\WINDOWS\SYSTEM32\VERSION.dll
0x00007fffe7a70000 - 0x00007fffe7a79000 	C:\WINDOWS\SYSTEM32\WSOCK32.dll
0x00007ffff9480000 - 0x00007ffff94a3000 	C:\WINDOWS\SYSTEM32\WINMM.dll
0x00007ffffcac0000 - 0x00007ffffcb2c000 	C:\WINDOWS\System32\WS2_32.dll
0x00007ffff9380000 - 0x00007ffff93aa000 	C:\WINDOWS\SYSTEM32\winmmbase.dll
0x00007ffffc1f0000 - 0x00007ffffc239000 	C:\WINDOWS\System32\cfgmgr32.dll
0x0000000057f90000 - 0x0000000057f9f000 	C:\Program Files\Java\jdk1.8.0_181\jre\bin\verify.dll
0x0000000057f60000 - 0x0000000057f89000 	C:\Program Files\Java\jdk1.8.0_181\jre\bin\java.dll
0x0000000057f40000 - 0x0000000057f56000 	C:\Program Files\Java\jdk1.8.0_181\jre\bin\zip.dll

VM Arguments:
java_command: D:\DESENVOLVIMENTO\PROJETOS\HeadRed\Ericson\SistemaMarcacaoConsulta\target\surefire\surefirebooter8029579761688189344.jar D:\DESENVOLVIMENTO\PROJETOS\HeadRed\Ericson\SistemaMarcacaoConsulta\target\surefire\surefire6438829189472581519tmp D:\DESENVOLVIMENTO\PROJETOS\HeadRed\Ericson\SistemaMarcacaoConsulta\target\surefire\surefire8330912806123432181tmp
java_class_path (initial): D:\DESENVOLVIMENTO\PROJETOS\HeadRed\Ericson\SistemaMarcacaoConsulta\target\surefire\surefirebooter8029579761688189344.jar
Launcher Type: SUN_STANDARD

Environment Variables:
JAVA_HOME=C:\Program Files\Java\jdk1.8.0_181
PATH=C:\Program Files (x86)\Common Files\Oracle\Java\javapath;C:\WINDOWS\system32;C:\WINDOWS;C:\WINDOWS\System32\Wbem;C:\WINDOWS\System32\WindowsPowerShell\v1.0\;C:\WINDOWS\System32\OpenSSH\;C:\Program Files\Git\cmd;C:\Users\henrique\AppData\Local\Microsoft\WindowsApps;
USERNAME=henrique
OS=Windows_NT
PROCESSOR_IDENTIFIER=Intel64 Family 6 Model 158 Stepping 9, GenuineIntel



---------------  S Y S T E M  ---------------

OS: Windows 10.0 , 64 bit Build 17134 (10.0.17134.1)

CPU:total 8 (initial active 8) (4 cores per cpu, 2 threads per core) family 6 model 158 stepping 9, cmov, cx8, fxsr, mmx, sse, sse2, sse3, ssse3, sse4.1, sse4.2, popcnt, avx, avx2, aes, clmul, erms, rtm, 3dnowpref, lzcnt, ht, tsc, tscinvbit, bmi1, bmi2, adx

Memory: 4k page, physical 4052096k(300020k free), swap 4052096k(5404k free)

vm_info: Java HotSpot(TM) 64-Bit Server VM (25.181-b13) for windows-amd64 JRE (1.8.0_181-b13), built on Jul  7 2018 04:01:33 by "java_re" with MS VC++ 10.0 (VS2010)

time: Thu Sep 06 14:55:35 2018
elapsed time: 0 seconds (0d 0h 0m 0s)

